A	C	G	T	N	IUPAC	Other	GC	GC_stdev
0.2592	0.2408	0.2410	0.2591	0.0000	0.0000	0.0000	0.4818	0.0771

Main genome scaffold total:         	374064
Main genome contig total:           	374064
Main genome scaffold sequence total:	1216.290 MB
Main genome contig sequence total:  	1216.290 MB  	0.000% gap
Main genome scaffold N/L50:         	75831/5.443 KB
Main genome contig N/L50:           	75831/5.443 KB
Main genome scaffold N/L90:         	216863/1.823 KB
Main genome contig N/L90:           	216863/1.823 KB
Max scaffold length:                	198.438 KB
Max contig length:                  	198.438 KB
Number of scaffolds > 50 KB:        	1
% main genome in scaffolds > 50 KB: 	0.02%


Minimum 	Number        	Number        	Total         	Total         	Scaffold
Scaffold	of            	of            	Scaffold      	Contig        	Contig  
Length  	Scaffolds     	Contigs       	Length        	Length        	Coverage
--------	--------------	--------------	--------------	--------------	--------
    All 	       374,064	       374,064	 1,216,290,170	 1,216,290,170	 100.00%
     50 	       374,025	       374,025	 1,216,289,164	 1,216,289,164	 100.00%
    100 	       373,947	       373,947	 1,216,283,152	 1,216,283,152	 100.00%
    250 	       351,045	       351,045	 1,211,747,188	 1,211,747,188	 100.00%
    500 	       313,395	       313,395	 1,198,037,196	 1,198,037,196	 100.00%
   1 KB 	       267,087	       267,087	 1,164,304,531	 1,164,304,531	 100.00%
 2.5 KB 	       183,835	       183,835	 1,023,619,195	 1,023,619,195	 100.00%
   5 KB 	        88,458	        88,458	   674,099,422	   674,099,422	 100.00%
  10 KB 	        12,397	        12,397	   156,433,171	   156,433,171	 100.00%
  25 KB 	            50	            50	     1,587,509	     1,587,509	 100.00%
  50 KB 	             1	             1	       198,438	       198,438	 100.00%
 100 KB 	             1	             1	       198,438	       198,438	 100.00%

